0.3326 	WARNING 	Movie2 stim could not be imported and won't be available
9.3863 	EXP 	Created window1 = Window(allowGUI=False, allowStencil=False, autoLog=True, bitsMode=UNKNOWN, blendMode='avg', color=array([ 0.,  0.,  0.]), colorSpace='rgb', fullscr=UNKNOWN, gamma=None, lms=UNKNOWN, monitor=<psychopy.monitors.calibTools.Monitor instance at 0xfbe6f30>, name='window1', pos=[0, 0], screen=0, size=array([1440,  900]), stereo=False, units=u'norm', useFBO=True, viewOri=0.0, viewPos=None, viewScale=None, waitBlanking=True, winType='pyglet')
9.3863 	EXP 	window1: recordFrameIntervals = False
9.5519 	EXP 	window1: recordFrameIntervals = True
9.7351 	EXP 	window1: recordFrameIntervals = False
9.8370 	EXP 	Created text_2 = TextStim(alignHoriz='center', alignVert='center', antialias=True, autoLog=True, bold=False, color='white', colorSpace='named', contrast=1.0, depth=0.0, flipHoriz=False, flipVert=False, font='Arial', fontFiles=[], height=0.1, italic=False, name='text_2', opacity=1.0, ori=0, pos=array([ 0.,  0.]), rgb=array([ 255.,  255.,  255.]), text=unicode(...), units=u'norm', win=Window(...), wrapWidth=1)
9.8426 	EXP 	Created text = TextStim(alignHoriz='center', alignVert='center', antialias=True, autoLog=True, bold=False, color='white', colorSpace='named', contrast=1.0, depth=-1.0, flipHoriz=False, flipVert=False, font='Arial', fontFiles=[], height=0.1, italic=False, name='text', opacity=1.0, ori=0, pos=array([ 0.,  0.]), rgb=array([ 255.,  255.,  255.]), text=u'default text', units=u'norm', win=Window(...), wrapWidth=1.5)
9.8474 	EXP 	Created text_3 = TextStim(alignHoriz='center', alignVert='center', antialias=True, autoLog=True, bold=False, color='white', colorSpace='named', contrast=1.0, depth=0.0, flipHoriz=False, flipVert=False, font='Arial', fontFiles=[], height=0.1, italic=False, name='text_3', opacity=1.0, ori=0, pos=array([ 0.,  0.]), rgb=array([ 255.,  255.,  255.]), text=u'\xa1Gracias!', units=u'norm', win=Window(...), wrapWidth=1)
9.8685 	EXP 	text_2: autoDraw = True
221.6654 	DATA 	Keypress: space
221.6735 	EXP 	Imported list.xlsx as conditions, 27 conditions, 1 params
221.6740 	EXP 	Created sequence: sequential, trialTypes=27, nReps=1, seed=None
221.6744 	EXP 	New trial (rep=0, index=0): {u'stim': u'pata'}
221.6771 	EXP 	window1: recordFrameIntervals = False
221.6981 	EXP 	text_2: autoDraw = False
221.6981 	EXP 	text: text = u'pata'
221.6981 	EXP 	text: autoDraw = True
221.6985 	EXP 	window1: recordFrameIntervals = False
224.2156 	DATA 	Keypress: space
224.2165 	EXP 	New trial (rep=0, index=1): {u'stim': u'bata'}
224.2202 	EXP 	window1: recordFrameIntervals = False
224.2317 	EXP 	text: autoDraw = False
224.2317 	EXP 	text: text = u'bata'
224.2317 	EXP 	text: autoDraw = True
224.2320 	EXP 	window1: recordFrameIntervals = False
226.0993 	DATA 	Keypress: space
226.1001 	EXP 	New trial (rep=0, index=2): {u'stim': u'taco'}
226.1037 	EXP 	window1: recordFrameIntervals = False
226.1153 	EXP 	text: autoDraw = False
226.1153 	EXP 	text: text = u'taco'
226.1153 	EXP 	text: autoDraw = True
226.1156 	EXP 	window1: recordFrameIntervals = False
227.8495 	DATA 	Keypress: space
227.8503 	EXP 	New trial (rep=0, index=3): {u'stim': u'dedo'}
227.8540 	EXP 	window1: recordFrameIntervals = False
227.8657 	EXP 	text: autoDraw = False
227.8657 	EXP 	text: text = u'dedo'
227.8657 	EXP 	text: autoDraw = True
227.8660 	EXP 	window1: recordFrameIntervals = False
229.1162 	DATA 	Keypress: space
229.1170 	EXP 	New trial (rep=0, index=4): {u'stim': u'casa'}
229.1207 	EXP 	window1: recordFrameIntervals = False
229.1325 	EXP 	text: autoDraw = False
229.1325 	EXP 	text: text = u'casa'
229.1325 	EXP 	text: autoDraw = True
229.1328 	EXP 	window1: recordFrameIntervals = False
230.4833 	DATA 	Keypress: space
230.4841 	EXP 	New trial (rep=0, index=5): {u'stim': u'gato'}
230.4881 	EXP 	window1: recordFrameIntervals = False
230.4993 	EXP 	text: autoDraw = False
230.4993 	EXP 	text: text = u'gato'
230.4993 	EXP 	text: autoDraw = True
230.4996 	EXP 	window1: recordFrameIntervals = False
231.8000 	DATA 	Keypress: space
231.8008 	EXP 	New trial (rep=0, index=6): {u'stim': u'daba'}
231.8047 	EXP 	window1: recordFrameIntervals = False
231.8163 	EXP 	text: autoDraw = False
231.8163 	EXP 	text: text = u'daba'
231.8163 	EXP 	text: autoDraw = True
231.8166 	EXP 	window1: recordFrameIntervals = False
233.4837 	DATA 	Keypress: space
233.4846 	EXP 	New trial (rep=0, index=7): {u'stim': u'hada'}
233.4894 	EXP 	window1: recordFrameIntervals = False
233.4997 	EXP 	text: autoDraw = False
233.4997 	EXP 	text: text = u'hada'
233.4997 	EXP 	text: autoDraw = True
233.5000 	EXP 	window1: recordFrameIntervals = False
234.8506 	DATA 	Keypress: space
234.8514 	EXP 	New trial (rep=0, index=8): {u'stim': u'haga'}
234.8551 	EXP 	window1: recordFrameIntervals = False
234.8667 	EXP 	text: autoDraw = False
234.8667 	EXP 	text: text = u'haga'
234.8667 	EXP 	text: autoDraw = True
234.8670 	EXP 	window1: recordFrameIntervals = False
236.2350 	DATA 	Keypress: space
236.2509 	EXP 	New trial (rep=0, index=9): {u'stim': u'en Mallorca'}
236.2578 	EXP 	window1: recordFrameIntervals = False
236.2666 	EXP 	text: autoDraw = False
236.2666 	EXP 	text: text = u'en Mallorca'
236.2666 	EXP 	text: autoDraw = True
236.2669 	EXP 	window1: recordFrameIntervals = False
240.5514 	DATA 	Keypress: space
240.5522 	EXP 	New trial (rep=0, index=10): {u'stim': u'en Finlandia'}
240.5588 	EXP 	window1: recordFrameIntervals = False
240.5648 	EXP 	text: autoDraw = False
240.5648 	EXP 	text: text = u'en Finlandia'
240.5648 	EXP 	text: autoDraw = True
240.5652 	EXP 	window1: recordFrameIntervals = False
242.9017 	DATA 	Keypress: space
242.9026 	EXP 	New trial (rep=0, index=11): {u'stim': u'encima'}
242.9073 	EXP 	window1: recordFrameIntervals = False
242.9179 	EXP 	text: autoDraw = False
242.9179 	EXP 	text: text = u'encima'
242.9179 	EXP 	text: autoDraw = True
242.9183 	EXP 	window1: recordFrameIntervals = False
244.3853 	DATA 	Keypress: space
244.3862 	EXP 	New trial (rep=0, index=12): {u'stim': u'enano'}
244.3903 	EXP 	window1: recordFrameIntervals = False
244.4014 	EXP 	text: autoDraw = False
244.4014 	EXP 	text: text = u'enano'
244.4014 	EXP 	text: autoDraw = True
244.4016 	EXP 	window1: recordFrameIntervals = False
245.9855 	DATA 	Keypress: space
245.9863 	EXP 	New trial (rep=0, index=13): {u'stim': u'hincha'}
245.9904 	EXP 	window1: recordFrameIntervals = False
246.0015 	EXP 	text: autoDraw = False
246.0015 	EXP 	text: text = u'hincha'
246.0015 	EXP 	text: autoDraw = True
246.0018 	EXP 	window1: recordFrameIntervals = False
249.3861 	DATA 	Keypress: space
249.3869 	EXP 	New trial (rep=0, index=14): {u'stim': u'a\xf1o'}
249.3917 	EXP 	window1: recordFrameIntervals = False
249.4022 	EXP 	text: autoDraw = False
249.4022 	EXP 	text: text = u'a\xf1o'
249.4022 	EXP 	text: autoDraw = True
249.4026 	EXP 	window1: recordFrameIntervals = False
250.5863 	DATA 	Keypress: space
250.5871 	EXP 	New trial (rep=0, index=15): {u'stim': u'tango'}
250.5911 	EXP 	window1: recordFrameIntervals = False
250.6021 	EXP 	text: autoDraw = False
250.6021 	EXP 	text: text = u'tango'
250.6021 	EXP 	text: autoDraw = True
250.6026 	EXP 	window1: recordFrameIntervals = False
252.0865 	DATA 	Keypress: space
252.0873 	EXP 	New trial (rep=0, index=16): {u'stim': u'pala'}
252.0909 	EXP 	window1: recordFrameIntervals = False
252.1027 	EXP 	text: autoDraw = False
252.1027 	EXP 	text: text = u'pala'
252.1027 	EXP 	text: autoDraw = True
252.1031 	EXP 	window1: recordFrameIntervals = False
253.3699 	DATA 	Keypress: space
253.3707 	EXP 	New trial (rep=0, index=17): {u'stim': u'alto'}
253.3748 	EXP 	window1: recordFrameIntervals = False
253.3860 	EXP 	text: autoDraw = False
253.3860 	EXP 	text: text = u'alto'
253.3860 	EXP 	text: autoDraw = True
253.3863 	EXP 	window1: recordFrameIntervals = False
254.5870 	DATA 	Keypress: space
254.5879 	EXP 	New trial (rep=0, index=18): {u'stim': u'algo'}
254.5916 	EXP 	window1: recordFrameIntervals = False
254.6031 	EXP 	text: autoDraw = False
254.6031 	EXP 	text: text = u'algo'
254.6031 	EXP 	text: autoDraw = True
254.6033 	EXP 	window1: recordFrameIntervals = False
255.8369 	DATA 	Keypress: space
255.8377 	EXP 	New trial (rep=0, index=19): {u'stim': u'para'}
255.8414 	EXP 	window1: recordFrameIntervals = False
255.8529 	EXP 	text: autoDraw = False
255.8529 	EXP 	text: text = u'para'
255.8529 	EXP 	text: autoDraw = True
255.8532 	EXP 	window1: recordFrameIntervals = False
257.0538 	DATA 	Keypress: space
257.0547 	EXP 	New trial (rep=0, index=20): {u'stim': u'corre'}
257.0591 	EXP 	window1: recordFrameIntervals = False
257.0700 	EXP 	text: autoDraw = False
257.0700 	EXP 	text: text = u'corre'
257.0700 	EXP 	text: autoDraw = True
257.0703 	EXP 	window1: recordFrameIntervals = False
258.6207 	DATA 	Keypress: space
258.6215 	EXP 	New trial (rep=0, index=21): {u'stim': u'Enrique'}
258.6278 	EXP 	window1: recordFrameIntervals = False
258.6367 	EXP 	text: autoDraw = False
258.6367 	EXP 	text: text = u'Enrique'
258.6367 	EXP 	text: autoDraw = True
258.6369 	EXP 	window1: recordFrameIntervals = False
260.5043 	DATA 	Keypress: space
260.5051 	EXP 	New trial (rep=0, index=22): {u'stim': u'Rosa'}
260.5106 	EXP 	window1: recordFrameIntervals = False
260.5204 	EXP 	text: autoDraw = False
260.5204 	EXP 	text: text = u'Rosa'
260.5204 	EXP 	text: autoDraw = True
260.5208 	EXP 	window1: recordFrameIntervals = False
261.9545 	DATA 	Keypress: space
261.9554 	EXP 	New trial (rep=0, index=23): {u'stim': u'Israel'}
261.9605 	EXP 	window1: recordFrameIntervals = False
261.9705 	EXP 	text: autoDraw = False
261.9705 	EXP 	text: text = u'Israel'
261.9705 	EXP 	text: autoDraw = True
261.9708 	EXP 	window1: recordFrameIntervals = False
263.3049 	DATA 	Keypress: space
263.3057 	EXP 	New trial (rep=0, index=24): {u'stim': u'\xbfCu\xe1ndo vienes?'}
263.3146 	EXP 	window1: recordFrameIntervals = False
263.3374 	EXP 	text: autoDraw = False
263.3374 	EXP 	text: text = u'\xbfCu\xe1ndo vienes?'
263.3374 	EXP 	text: autoDraw = True
263.3377 	EXP 	window1: recordFrameIntervals = False
264.8717 	DATA 	Keypress: space
264.8725 	EXP 	New trial (rep=0, index=25): {u'stim': u'\xbfVienes a las 6?'}
264.8809 	EXP 	window1: recordFrameIntervals = False
264.9044 	EXP 	text: autoDraw = False
264.9044 	EXP 	text: text = u'\xbfVienes a las 6?'
264.9044 	EXP 	text: autoDraw = True
264.9048 	EXP 	window1: recordFrameIntervals = False
266.6054 	DATA 	Keypress: space
266.6062 	EXP 	New trial (rep=0, index=26): {u'stim': u'El viento norte y el sol porfiaban sobre cu\xe1l de ellos era el m\xe1s fuerte, cuando acert\xf3 a pasar un viajero envuelto en ancha capa. Convinieron en que quien antes lograra obligar al viajero a quitarse la capa ser\xeda considerado m\xe1s poderoso. El viento norte sopl\xf3 con gran furia, pero cuanto m\xe1s soplaba, m\xe1s se arrebujaba en su capa el viajero; por fin el viento norte abandon\xf3 la empresa. Entonces brill\xf3 el sol con ardor, e inmediatamente se despoj\xf3 de su capa el viajero; por lo que el viento norte hubo de reconocer la superioridad del sol.'}
266.6764 	EXP 	window1: recordFrameIntervals = False
266.6880 	EXP 	text: autoDraw = False
266.6880 	EXP 	text: text = u'El viento norte y el sol porfiaban sobre cu\xe1l de ellos era el m\xe1s fuerte, cuando acert\xf3 a pasar un viajero envuelto en ancha capa. Convinieron en que quien antes lograra obligar al viajero a quitarse la capa ser\xeda considerado m\xe1s poderoso. El viento norte sopl\xf3 con gran furia, pero cuanto m\xe1s soplaba, m\xe1s se arrebujaba en su capa el viajero; por fin el viento norte abandon\xf3 la empresa. Entonces brill\xf3 el sol con ardor, e inmediatamente se despoj\xf3 de su capa el viajero; por lo que el viento norte hubo de reconocer la superioridad del sol.'
266.6880 	EXP 	text: autoDraw = True
266.6882 	EXP 	window1: recordFrameIntervals = False
330.6474 	DATA 	Keypress: space
330.6633 	EXP 	text: autoDraw = False
330.6633 	EXP 	text_3: autoDraw = True
334.4153 	DATA 	Keypress: space
