0.3652 	WARNING 	Movie2 stim could not be imported and won't be available
14.2620 	EXP 	Created window1 = Window(allowGUI=False, allowStencil=False, autoLog=True, bitsMode=UNKNOWN, blendMode='avg', color=array([ 0.,  0.,  0.]), colorSpace='rgb', fullscr=UNKNOWN, gamma=None, lms=UNKNOWN, monitor=<psychopy.monitors.calibTools.Monitor instance at 0xfaa5f58>, name='window1', pos=[0, 0], screen=0, size=array([1440,  900]), stereo=False, units=u'norm', useFBO=True, viewOri=0.0, viewPos=None, viewScale=None, waitBlanking=True, winType='pyglet')
14.2621 	EXP 	window1: recordFrameIntervals = False
14.4273 	EXP 	window1: recordFrameIntervals = True
14.6110 	EXP 	window1: recordFrameIntervals = False
14.7130 	EXP 	Created text_2 = TextStim(alignHoriz='center', alignVert='center', antialias=True, autoLog=True, bold=False, color='white', colorSpace='named', contrast=1.0, depth=0.0, flipHoriz=False, flipVert=False, font='Arial', fontFiles=[], height=0.1, italic=False, name='text_2', opacity=1.0, ori=0, pos=array([ 0.,  0.]), rgb=array([ 255.,  255.,  255.]), text=unicode(...), units=u'norm', win=Window(...), wrapWidth=1)
14.7186 	EXP 	Created text = TextStim(alignHoriz='center', alignVert='center', antialias=True, autoLog=True, bold=False, color='white', colorSpace='named', contrast=1.0, depth=-1.0, flipHoriz=False, flipVert=False, font='Arial', fontFiles=[], height=0.1, italic=False, name='text', opacity=1.0, ori=0, pos=array([ 0.,  0.]), rgb=array([ 255.,  255.,  255.]), text=u'default text', units=u'norm', win=Window(...), wrapWidth=1.5)
14.7234 	EXP 	Created text_3 = TextStim(alignHoriz='center', alignVert='center', antialias=True, autoLog=True, bold=False, color='white', colorSpace='named', contrast=1.0, depth=0.0, flipHoriz=False, flipVert=False, font='Arial', fontFiles=[], height=0.1, italic=False, name='text_3', opacity=1.0, ori=0, pos=array([ 0.,  0.]), rgb=array([ 255.,  255.,  255.]), text=u'\xa1Gracias!', units=u'norm', win=Window(...), wrapWidth=1)
14.7435 	EXP 	text_2: autoDraw = True
64.3512 	DATA 	Keypress: space
64.3594 	EXP 	Imported list.xlsx as conditions, 27 conditions, 1 params
64.3599 	EXP 	Created sequence: sequential, trialTypes=27, nReps=1, seed=None
64.3603 	EXP 	New trial (rep=0, index=0): {u'stim': u'pata'}
64.3631 	EXP 	window1: recordFrameIntervals = False
64.3840 	EXP 	text_2: autoDraw = False
64.3840 	EXP 	text: text = u'pata'
64.3840 	EXP 	text: autoDraw = True
64.3845 	EXP 	window1: recordFrameIntervals = False
65.9022 	DATA 	Keypress: space
65.9178 	EXP 	New trial (rep=0, index=1): {u'stim': u'bata'}
65.9210 	EXP 	window1: recordFrameIntervals = False
65.9336 	EXP 	text: autoDraw = False
65.9336 	EXP 	text: text = u'bata'
65.9336 	EXP 	text: autoDraw = True
65.9340 	EXP 	window1: recordFrameIntervals = False
67.2678 	DATA 	Keypress: space
67.2686 	EXP 	New trial (rep=0, index=2): {u'stim': u'taco'}
67.2723 	EXP 	window1: recordFrameIntervals = False
67.2846 	EXP 	text: autoDraw = False
67.2846 	EXP 	text: text = u'taco'
67.2846 	EXP 	text: autoDraw = True
67.2849 	EXP 	window1: recordFrameIntervals = False
68.6679 	DATA 	Keypress: space
68.6687 	EXP 	New trial (rep=0, index=3): {u'stim': u'dedo'}
68.6724 	EXP 	window1: recordFrameIntervals = False
68.6852 	EXP 	text: autoDraw = False
68.6852 	EXP 	text: text = u'dedo'
68.6852 	EXP 	text: autoDraw = True
68.6856 	EXP 	window1: recordFrameIntervals = False
70.0184 	DATA 	Keypress: space
70.0192 	EXP 	New trial (rep=0, index=4): {u'stim': u'casa'}
70.0230 	EXP 	window1: recordFrameIntervals = False
70.0346 	EXP 	text: autoDraw = False
70.0346 	EXP 	text: text = u'casa'
70.0346 	EXP 	text: autoDraw = True
70.0349 	EXP 	window1: recordFrameIntervals = False
71.2859 	DATA 	Keypress: space
71.2867 	EXP 	New trial (rep=0, index=5): {u'stim': u'gato'}
71.2904 	EXP 	window1: recordFrameIntervals = False
71.3020 	EXP 	text: autoDraw = False
71.3020 	EXP 	text: text = u'gato'
71.3020 	EXP 	text: autoDraw = True
71.3023 	EXP 	window1: recordFrameIntervals = False
72.4518 	DATA 	Keypress: space
72.4526 	EXP 	New trial (rep=0, index=6): {u'stim': u'daba'}
72.4567 	EXP 	window1: recordFrameIntervals = False
72.4683 	EXP 	text: autoDraw = False
72.4683 	EXP 	text: text = u'daba'
72.4683 	EXP 	text: autoDraw = True
72.4686 	EXP 	window1: recordFrameIntervals = False
73.7189 	DATA 	Keypress: space
73.7198 	EXP 	New trial (rep=0, index=7): {u'stim': u'hada'}
73.7249 	EXP 	window1: recordFrameIntervals = False
73.7354 	EXP 	text: autoDraw = False
73.7354 	EXP 	text: text = u'hada'
73.7354 	EXP 	text: autoDraw = True
73.7357 	EXP 	window1: recordFrameIntervals = False
76.0198 	DATA 	Keypress: space
76.0205 	EXP 	New trial (rep=0, index=8): {u'stim': u'haga'}
76.0243 	EXP 	window1: recordFrameIntervals = False
76.0357 	EXP 	text: autoDraw = False
76.0357 	EXP 	text: text = u'haga'
76.0357 	EXP 	text: autoDraw = True
76.0360 	EXP 	window1: recordFrameIntervals = False
77.4034 	DATA 	Keypress: space
77.4042 	EXP 	New trial (rep=0, index=9): {u'stim': u'en Mallorca'}
77.4108 	EXP 	window1: recordFrameIntervals = False
77.4185 	EXP 	text: autoDraw = False
77.4185 	EXP 	text: text = u'en Mallorca'
77.4185 	EXP 	text: autoDraw = True
77.4187 	EXP 	window1: recordFrameIntervals = False
81.0698 	DATA 	Keypress: space
81.0706 	EXP 	New trial (rep=0, index=10): {u'stim': u'en Finlandia'}
81.0773 	EXP 	window1: recordFrameIntervals = False
81.0865 	EXP 	text: autoDraw = False
81.0865 	EXP 	text: text = u'en Finlandia'
81.0865 	EXP 	text: autoDraw = True
81.0869 	EXP 	window1: recordFrameIntervals = False
83.5209 	DATA 	Keypress: space
83.5217 	EXP 	New trial (rep=0, index=11): {u'stim': u'encima'}
83.5264 	EXP 	window1: recordFrameIntervals = False
83.5369 	EXP 	text: autoDraw = False
83.5369 	EXP 	text: text = u'encima'
83.5369 	EXP 	text: autoDraw = True
83.5372 	EXP 	window1: recordFrameIntervals = False
84.8538 	DATA 	Keypress: space
84.8546 	EXP 	New trial (rep=0, index=12): {u'stim': u'enano'}
84.8588 	EXP 	window1: recordFrameIntervals = False
84.8705 	EXP 	text: autoDraw = False
84.8705 	EXP 	text: text = u'enano'
84.8705 	EXP 	text: autoDraw = True
84.8709 	EXP 	window1: recordFrameIntervals = False
86.1712 	DATA 	Keypress: space
86.1720 	EXP 	New trial (rep=0, index=13): {u'stim': u'hincha'}
86.1762 	EXP 	window1: recordFrameIntervals = False
86.1868 	EXP 	text: autoDraw = False
86.1868 	EXP 	text: text = u'hincha'
86.1868 	EXP 	text: autoDraw = True
86.1871 	EXP 	window1: recordFrameIntervals = False
88.5379 	DATA 	Keypress: space
88.5387 	EXP 	New trial (rep=0, index=14): {u'stim': u'a\xf1o'}
88.5437 	EXP 	window1: recordFrameIntervals = False
88.5543 	EXP 	text: autoDraw = False
88.5543 	EXP 	text: text = u'a\xf1o'
88.5543 	EXP 	text: autoDraw = True
88.5547 	EXP 	window1: recordFrameIntervals = False
89.7708 	DATA 	Keypress: space
89.7716 	EXP 	New trial (rep=0, index=15): {u'stim': u'tango'}
89.7758 	EXP 	window1: recordFrameIntervals = False
89.7871 	EXP 	text: autoDraw = False
89.7871 	EXP 	text: text = u'tango'
89.7871 	EXP 	text: autoDraw = True
89.7874 	EXP 	window1: recordFrameIntervals = False
91.2046 	DATA 	Keypress: space
91.2054 	EXP 	New trial (rep=0, index=16): {u'stim': u'pala'}
91.2095 	EXP 	window1: recordFrameIntervals = False
91.2206 	EXP 	text: autoDraw = False
91.2206 	EXP 	text: text = u'pala'
91.2206 	EXP 	text: autoDraw = True
91.2210 	EXP 	window1: recordFrameIntervals = False
93.3390 	DATA 	Keypress: space
93.3398 	EXP 	New trial (rep=0, index=17): {u'stim': u'alto'}
93.3439 	EXP 	window1: recordFrameIntervals = False
93.3543 	EXP 	text: autoDraw = False
93.3543 	EXP 	text: text = u'alto'
93.3543 	EXP 	text: autoDraw = True
93.3546 	EXP 	window1: recordFrameIntervals = False
94.4715 	DATA 	Keypress: space
94.4724 	EXP 	New trial (rep=0, index=18): {u'stim': u'algo'}
94.4761 	EXP 	window1: recordFrameIntervals = False
94.4877 	EXP 	text: autoDraw = False
94.4877 	EXP 	text: text = u'algo'
94.4877 	EXP 	text: autoDraw = True
94.4881 	EXP 	window1: recordFrameIntervals = False
95.9392 	DATA 	Keypress: space
95.9400 	EXP 	New trial (rep=0, index=19): {u'stim': u'para'}
95.9441 	EXP 	window1: recordFrameIntervals = False
95.9547 	EXP 	text: autoDraw = False
95.9547 	EXP 	text: text = u'para'
95.9547 	EXP 	text: autoDraw = True
95.9549 	EXP 	window1: recordFrameIntervals = False
97.2726 	DATA 	Keypress: space
97.2734 	EXP 	New trial (rep=0, index=20): {u'stim': u'corre'}
97.2776 	EXP 	window1: recordFrameIntervals = False
97.2880 	EXP 	text: autoDraw = False
97.2880 	EXP 	text: text = u'corre'
97.2880 	EXP 	text: autoDraw = True
97.2883 	EXP 	window1: recordFrameIntervals = False
99.3232 	DATA 	Keypress: space
99.3240 	EXP 	New trial (rep=0, index=21): {u'stim': u'Enrique'}
99.3302 	EXP 	window1: recordFrameIntervals = False
99.3384 	EXP 	text: autoDraw = False
99.3384 	EXP 	text: text = u'Enrique'
99.3384 	EXP 	text: autoDraw = True
99.3386 	EXP 	window1: recordFrameIntervals = False
100.9563 	DATA 	Keypress: space
100.9571 	EXP 	New trial (rep=0, index=22): {u'stim': u'Rosa'}
100.9624 	EXP 	window1: recordFrameIntervals = False
100.9731 	EXP 	text: autoDraw = False
100.9731 	EXP 	text: text = u'Rosa'
100.9731 	EXP 	text: autoDraw = True
100.9734 	EXP 	window1: recordFrameIntervals = False
102.3564 	DATA 	Keypress: space
102.3573 	EXP 	New trial (rep=0, index=23): {u'stim': u'Israel'}
102.3630 	EXP 	window1: recordFrameIntervals = False
102.3723 	EXP 	text: autoDraw = False
102.3723 	EXP 	text: text = u'Israel'
102.3723 	EXP 	text: autoDraw = True
102.3726 	EXP 	window1: recordFrameIntervals = False
106.1237 	DATA 	Keypress: space
106.1245 	EXP 	New trial (rep=0, index=24): {u'stim': u'\xbfCu\xe1ndo vienes?'}
106.1336 	EXP 	window1: recordFrameIntervals = False
106.1568 	EXP 	text: autoDraw = False
106.1568 	EXP 	text: text = u'\xbfCu\xe1ndo vienes?'
106.1568 	EXP 	text: autoDraw = True
106.1571 	EXP 	window1: recordFrameIntervals = False
107.7576 	DATA 	Keypress: space
107.7584 	EXP 	New trial (rep=0, index=25): {u'stim': u'\xbfVienes a las 6?'}
107.7664 	EXP 	window1: recordFrameIntervals = False
107.7729 	EXP 	text: autoDraw = False
107.7729 	EXP 	text: text = u'\xbfVienes a las 6?'
107.7729 	EXP 	text: autoDraw = True
107.7732 	EXP 	window1: recordFrameIntervals = False
110.2411 	DATA 	Keypress: space
110.2419 	EXP 	New trial (rep=0, index=26): {u'stim': u'El viento norte y el sol porfiaban sobre cu\xe1l de ellos era el m\xe1s fuerte, cuando acert\xf3 a pasar un viajero envuelto en ancha capa. Convinieron en que quien antes lograra obligar al viajero a quitarse la capa ser\xeda considerado m\xe1s poderoso. El viento norte sopl\xf3 con gran furia, pero cuanto m\xe1s soplaba, m\xe1s se arrebujaba en su capa el viajero; por fin el viento norte abandon\xf3 la empresa. Entonces brill\xf3 el sol con ardor, e inmediatamente se despoj\xf3 de su capa el viajero; por lo que el viento norte hubo de reconocer la superioridad del sol.'}
110.3111 	EXP 	window1: recordFrameIntervals = False
110.3238 	EXP 	text: autoDraw = False
110.3238 	EXP 	text: text = u'El viento norte y el sol porfiaban sobre cu\xe1l de ellos era el m\xe1s fuerte, cuando acert\xf3 a pasar un viajero envuelto en ancha capa. Convinieron en que quien antes lograra obligar al viajero a quitarse la capa ser\xeda considerado m\xe1s poderoso. El viento norte sopl\xf3 con gran furia, pero cuanto m\xe1s soplaba, m\xe1s se arrebujaba en su capa el viajero; por fin el viento norte abandon\xf3 la empresa. Entonces brill\xf3 el sol con ardor, e inmediatamente se despoj\xf3 de su capa el viajero; por lo que el viento norte hubo de reconocer la superioridad del sol.'
110.3238 	EXP 	text: autoDraw = True
110.3241 	EXP 	window1: recordFrameIntervals = False
179.6018 	DATA 	Keypress: space
179.6175 	EXP 	text: autoDraw = False
179.6175 	EXP 	text_3: autoDraw = True
181.1668 	DATA 	Keypress: space
