0.3351 	WARNING 	Movie2 stim could not be imported and won't be available
15.5800 	WARNING 	Couldn't measure a consistent frame rate.
  - Is your graphics card set to sync to vertical blank?
  - Are you running other processes on your computer?

15.5812 	EXP 	Created window1 = Window(allowGUI=False, allowStencil=False, autoLog=True, bitsMode=UNKNOWN, blendMode='avg', color=array([ 0.,  0.,  0.]), colorSpace='rgb', fullscr=UNKNOWN, gamma=None, lms=UNKNOWN, monitor=<psychopy.monitors.calibTools.Monitor instance at 0xf121f30>, name='window1', pos=[0, 0], screen=0, size=array([1440,  900]), stereo=False, units=u'norm', useFBO=True, viewOri=0.0, viewPos=None, viewScale=None, waitBlanking=True, winType='pyglet')
15.5812 	EXP 	window1: recordFrameIntervals = False
15.7480 	EXP 	window1: recordFrameIntervals = True
17.4129 	WARNING 	Couldn't measure a consistent frame rate.
  - Is your graphics card set to sync to vertical blank?
  - Are you running other processes on your computer?

17.5138 	EXP 	Created text_2 = TextStim(alignHoriz='center', alignVert='center', antialias=True, autoLog=True, bold=False, color='white', colorSpace='named', contrast=1.0, depth=0.0, flipHoriz=False, flipVert=False, font='Arial', fontFiles=[], height=0.1, italic=False, name='text_2', opacity=1.0, ori=0, pos=array([ 0.,  0.]), rgb=array([ 255.,  255.,  255.]), text=unicode(...), units=u'norm', win=Window(...), wrapWidth=1)
17.5193 	EXP 	Created text = TextStim(alignHoriz='center', alignVert='center', antialias=True, autoLog=True, bold=False, color='white', colorSpace='named', contrast=1.0, depth=-1.0, flipHoriz=False, flipVert=False, font='Arial', fontFiles=[], height=0.1, italic=False, name='text', opacity=1.0, ori=0, pos=array([ 0.,  0.]), rgb=array([ 255.,  255.,  255.]), text=u'default text', units=u'norm', win=Window(...), wrapWidth=1.5)
17.5241 	EXP 	Created text_3 = TextStim(alignHoriz='center', alignVert='center', antialias=True, autoLog=True, bold=False, color='white', colorSpace='named', contrast=1.0, depth=0.0, flipHoriz=False, flipVert=False, font='Arial', fontFiles=[], height=0.1, italic=False, name='text_3', opacity=1.0, ori=0, pos=array([ 0.,  0.]), rgb=array([ 255.,  255.,  255.]), text=u'\xa1Gracias!', units=u'norm', win=Window(...), wrapWidth=1)
17.5471 	WARNING 	t of last frame was 134.38ms (=1/7)
17.5471 	EXP 	text_2: autoDraw = True
21.3490 	WARNING 	t of last frame was 20.14ms (=1/49)
24.3995 	WARNING 	t of last frame was 20.14ms (=1/49)
25.1662 	WARNING 	t of last frame was 20.15ms (=1/49)
27.9500 	WARNING 	Multiple dropped frames have occurred - I'll stop bothering you about them!
89.2062 	DATA 	Keypress: space
89.2141 	EXP 	Imported list.xlsx as conditions, 27 conditions, 1 params
89.2146 	EXP 	Created sequence: sequential, trialTypes=27, nReps=1, seed=None
89.2151 	EXP 	New trial (rep=0, index=0): {u'stim': u'pata'}
89.2178 	EXP 	window1: recordFrameIntervals = False
89.2386 	EXP 	text_2: autoDraw = False
89.2386 	EXP 	text: text = u'pata'
89.2386 	EXP 	text: autoDraw = True
89.2389 	EXP 	window1: recordFrameIntervals = False
92.0729 	DATA 	Keypress: space
92.0737 	EXP 	New trial (rep=0, index=1): {u'stim': u'bata'}
92.0774 	EXP 	window1: recordFrameIntervals = False
92.0890 	EXP 	text: autoDraw = False
92.0890 	EXP 	text: text = u'bata'
92.0890 	EXP 	text: autoDraw = True
92.0893 	EXP 	window1: recordFrameIntervals = False
93.5896 	DATA 	Keypress: space
93.5904 	EXP 	New trial (rep=0, index=2): {u'stim': u'taco'}
93.5941 	EXP 	window1: recordFrameIntervals = False
93.6058 	EXP 	text: autoDraw = False
93.6058 	EXP 	text: text = u'taco'
93.6058 	EXP 	text: autoDraw = True
93.6061 	EXP 	window1: recordFrameIntervals = False
94.9064 	DATA 	Keypress: space
94.9073 	EXP 	New trial (rep=0, index=3): {u'stim': u'dedo'}
94.9110 	EXP 	window1: recordFrameIntervals = False
94.9241 	EXP 	text: autoDraw = False
94.9241 	EXP 	text: text = u'dedo'
94.9241 	EXP 	text: autoDraw = True
94.9244 	EXP 	window1: recordFrameIntervals = False
96.4918 	DATA 	Keypress: space
96.4926 	EXP 	New trial (rep=0, index=4): {u'stim': u'casa'}
96.4963 	EXP 	window1: recordFrameIntervals = False
96.5073 	EXP 	text: autoDraw = False
96.5073 	EXP 	text: text = u'casa'
96.5073 	EXP 	text: autoDraw = True
96.5076 	EXP 	window1: recordFrameIntervals = False
98.0402 	DATA 	Keypress: space
98.0409 	EXP 	New trial (rep=0, index=5): {u'stim': u'gato'}
98.0447 	EXP 	window1: recordFrameIntervals = False
98.0564 	EXP 	text: autoDraw = False
98.0564 	EXP 	text: text = u'gato'
98.0564 	EXP 	text: autoDraw = True
98.0569 	EXP 	window1: recordFrameIntervals = False
99.4406 	DATA 	Keypress: space
99.4414 	EXP 	New trial (rep=0, index=6): {u'stim': u'daba'}
99.4454 	EXP 	window1: recordFrameIntervals = False
99.4570 	EXP 	text: autoDraw = False
99.4570 	EXP 	text: text = u'daba'
99.4570 	EXP 	text: autoDraw = True
99.4573 	EXP 	window1: recordFrameIntervals = False
100.8073 	DATA 	Keypress: space
100.8081 	EXP 	New trial (rep=0, index=7): {u'stim': u'hada'}
100.8131 	EXP 	window1: recordFrameIntervals = False
100.8234 	EXP 	text: autoDraw = False
100.8234 	EXP 	text: text = u'hada'
100.8234 	EXP 	text: autoDraw = True
100.8238 	EXP 	window1: recordFrameIntervals = False
102.0080 	DATA 	Keypress: space
102.0088 	EXP 	New trial (rep=0, index=8): {u'stim': u'haga'}
102.0130 	EXP 	window1: recordFrameIntervals = False
102.0236 	EXP 	text: autoDraw = False
102.0236 	EXP 	text: text = u'haga'
102.0236 	EXP 	text: autoDraw = True
102.0239 	EXP 	window1: recordFrameIntervals = False
103.2576 	DATA 	Keypress: space
103.2584 	EXP 	New trial (rep=0, index=9): {u'stim': u'en Mallorca'}
103.2651 	EXP 	window1: recordFrameIntervals = False
103.2745 	EXP 	text: autoDraw = False
103.2745 	EXP 	text: text = u'en Mallorca'
103.2745 	EXP 	text: autoDraw = True
103.2748 	EXP 	window1: recordFrameIntervals = False
105.7579 	DATA 	Keypress: space
105.7587 	EXP 	New trial (rep=0, index=10): {u'stim': u'en Finlandia'}
105.7654 	EXP 	window1: recordFrameIntervals = False
105.7747 	EXP 	text: autoDraw = False
105.7747 	EXP 	text: text = u'en Finlandia'
105.7747 	EXP 	text: autoDraw = True
105.7751 	EXP 	window1: recordFrameIntervals = False
107.9420 	DATA 	Keypress: space
107.9428 	EXP 	New trial (rep=0, index=11): {u'stim': u'encima'}
107.9475 	EXP 	window1: recordFrameIntervals = False
107.9578 	EXP 	text: autoDraw = False
107.9578 	EXP 	text: text = u'encima'
107.9578 	EXP 	text: autoDraw = True
107.9581 	EXP 	window1: recordFrameIntervals = False
109.5087 	DATA 	Keypress: space
109.5096 	EXP 	New trial (rep=0, index=12): {u'stim': u'enano'}
109.5138 	EXP 	window1: recordFrameIntervals = False
109.5260 	EXP 	text: autoDraw = False
109.5260 	EXP 	text: text = u'enano'
109.5260 	EXP 	text: autoDraw = True
109.5263 	EXP 	window1: recordFrameIntervals = False
111.0927 	DATA 	Keypress: space
111.0935 	EXP 	New trial (rep=0, index=13): {u'stim': u'hincha'}
111.0977 	EXP 	window1: recordFrameIntervals = False
111.1081 	EXP 	text: autoDraw = False
111.1081 	EXP 	text: text = u'hincha'
111.1081 	EXP 	text: autoDraw = True
111.1084 	EXP 	window1: recordFrameIntervals = False
112.7419 	DATA 	Keypress: space
112.7427 	EXP 	New trial (rep=0, index=14): {u'stim': u'a\xf1o'}
112.7476 	EXP 	window1: recordFrameIntervals = False
112.7600 	EXP 	text: autoDraw = False
112.7600 	EXP 	text: text = u'a\xf1o'
112.7600 	EXP 	text: autoDraw = True
112.7604 	EXP 	window1: recordFrameIntervals = False
114.1757 	DATA 	Keypress: space
114.1764 	EXP 	New trial (rep=0, index=15): {u'stim': u'tango'}
114.1806 	EXP 	window1: recordFrameIntervals = False
114.1921 	EXP 	text: autoDraw = False
114.1921 	EXP 	text: text = u'tango'
114.1921 	EXP 	text: autoDraw = True
114.1926 	EXP 	window1: recordFrameIntervals = False
116.6926 	DATA 	Keypress: space
116.6934 	EXP 	New trial (rep=0, index=16): {u'stim': u'pala'}
116.6971 	EXP 	window1: recordFrameIntervals = False
116.7088 	EXP 	text: autoDraw = False
116.7088 	EXP 	text: text = u'pala'
116.7088 	EXP 	text: autoDraw = True
116.7091 	EXP 	window1: recordFrameIntervals = False
117.9270 	DATA 	Keypress: space
117.9278 	EXP 	New trial (rep=0, index=17): {u'stim': u'alto'}
117.9318 	EXP 	window1: recordFrameIntervals = False
117.9423 	EXP 	text: autoDraw = False
117.9423 	EXP 	text: text = u'alto'
117.9423 	EXP 	text: autoDraw = True
117.9427 	EXP 	window1: recordFrameIntervals = False
119.0935 	DATA 	Keypress: space
119.0944 	EXP 	New trial (rep=0, index=18): {u'stim': u'algo'}
119.0981 	EXP 	window1: recordFrameIntervals = False
119.1099 	EXP 	text: autoDraw = False
119.1099 	EXP 	text: text = u'algo'
119.1099 	EXP 	text: autoDraw = True
119.1104 	EXP 	window1: recordFrameIntervals = False
120.4932 	DATA 	Keypress: space
120.4938 	EXP 	New trial (rep=0, index=19): {u'stim': u'para'}
120.4969 	EXP 	window1: recordFrameIntervals = False
120.5096 	EXP 	text: autoDraw = False
120.5096 	EXP 	text: text = u'para'
120.5096 	EXP 	text: autoDraw = True
120.5098 	EXP 	window1: recordFrameIntervals = False
121.5436 	DATA 	Keypress: space
121.5444 	EXP 	New trial (rep=0, index=20): {u'stim': u'corre'}
121.5485 	EXP 	window1: recordFrameIntervals = False
121.5603 	EXP 	text: autoDraw = False
121.5603 	EXP 	text: text = u'corre'
121.5603 	EXP 	text: autoDraw = True
121.5605 	EXP 	window1: recordFrameIntervals = False
122.7109 	DATA 	Keypress: space
122.7117 	EXP 	New trial (rep=0, index=21): {u'stim': u'Enrique'}
122.7184 	EXP 	window1: recordFrameIntervals = False
122.7264 	EXP 	text: autoDraw = False
122.7264 	EXP 	text: text = u'Enrique'
122.7264 	EXP 	text: autoDraw = True
122.7267 	EXP 	window1: recordFrameIntervals = False
124.0102 	DATA 	Keypress: space
124.0110 	EXP 	New trial (rep=0, index=22): {u'stim': u'Rosa'}
124.0162 	EXP 	window1: recordFrameIntervals = False
124.0265 	EXP 	text: autoDraw = False
124.0265 	EXP 	text: text = u'Rosa'
124.0265 	EXP 	text: autoDraw = True
124.0267 	EXP 	window1: recordFrameIntervals = False
125.2775 	DATA 	Keypress: space
125.2783 	EXP 	New trial (rep=0, index=23): {u'stim': u'Israel'}
125.2837 	EXP 	window1: recordFrameIntervals = False
125.2941 	EXP 	text: autoDraw = False
125.2941 	EXP 	text: text = u'Israel'
125.2941 	EXP 	text: autoDraw = True
125.2945 	EXP 	window1: recordFrameIntervals = False
126.4444 	DATA 	Keypress: space
126.4452 	EXP 	New trial (rep=0, index=24): {u'stim': u'\xbfCu\xe1ndo vienes?'}
126.4548 	EXP 	window1: recordFrameIntervals = False
126.4777 	EXP 	text: autoDraw = False
126.4777 	EXP 	text: text = u'\xbfCu\xe1ndo vienes?'
126.4777 	EXP 	text: autoDraw = True
126.4781 	EXP 	window1: recordFrameIntervals = False
128.5280 	DATA 	Keypress: space
128.5288 	EXP 	New trial (rep=0, index=25): {u'stim': u'\xbfVienes a las 6?'}
128.5368 	EXP 	window1: recordFrameIntervals = False
128.5434 	EXP 	text: autoDraw = False
128.5434 	EXP 	text: text = u'\xbfVienes a las 6?'
128.5434 	EXP 	text: autoDraw = True
128.5436 	EXP 	window1: recordFrameIntervals = False
130.7947 	DATA 	Keypress: space
130.7955 	EXP 	New trial (rep=0, index=26): {u'stim': u'El viento norte y el sol porfiaban sobre cu\xe1l de ellos era el m\xe1s fuerte, cuando acert\xf3 a pasar un viajero envuelto en ancha capa. Convinieron en que quien antes lograra obligar al viajero a quitarse la capa ser\xeda considerado m\xe1s poderoso. El viento norte sopl\xf3 con gran furia, pero cuanto m\xe1s soplaba, m\xe1s se arrebujaba en su capa el viajero; por fin el viento norte abandon\xf3 la empresa. Entonces brill\xf3 el sol con ardor, e inmediatamente se despoj\xf3 de su capa el viajero; por lo que el viento norte hubo de reconocer la superioridad del sol.'}
130.8650 	EXP 	window1: recordFrameIntervals = False
130.8778 	EXP 	text: autoDraw = False
130.8778 	EXP 	text: text = u'El viento norte y el sol porfiaban sobre cu\xe1l de ellos era el m\xe1s fuerte, cuando acert\xf3 a pasar un viajero envuelto en ancha capa. Convinieron en que quien antes lograra obligar al viajero a quitarse la capa ser\xeda considerado m\xe1s poderoso. El viento norte sopl\xf3 con gran furia, pero cuanto m\xe1s soplaba, m\xe1s se arrebujaba en su capa el viajero; por fin el viento norte abandon\xf3 la empresa. Entonces brill\xf3 el sol con ardor, e inmediatamente se despoj\xf3 de su capa el viajero; por lo que el viento norte hubo de reconocer la superioridad del sol.'
130.8778 	EXP 	text: autoDraw = True
130.8781 	EXP 	window1: recordFrameIntervals = False
185.0360 	DATA 	Keypress: space
185.0524 	EXP 	text: autoDraw = False
185.0524 	EXP 	text_3: autoDraw = True
188.5869 	DATA 	Keypress: space
