0.3373 	WARNING 	Movie2 stim could not be imported and won't be available
18.2244 	EXP 	Created window1 = Window(allowGUI=False, allowStencil=False, autoLog=True, bitsMode=UNKNOWN, blendMode='avg', color=array([ 0.,  0.,  0.]), colorSpace='rgb', fullscr=UNKNOWN, gamma=None, lms=UNKNOWN, monitor=<psychopy.monitors.calibTools.Monitor instance at 0xfefef30>, name='window1', pos=[0, 0], screen=0, size=array([1680, 1050]), stereo=False, units=u'norm', useFBO=True, viewOri=0.0, viewPos=None, viewScale=None, waitBlanking=True, winType='pyglet')
18.2244 	EXP 	window1: recordFrameIntervals = False
18.3904 	EXP 	window1: recordFrameIntervals = True
18.5739 	EXP 	window1: recordFrameIntervals = False
18.6745 	EXP 	Created text_2 = TextStim(alignHoriz='center', alignVert='center', antialias=True, autoLog=True, bold=False, color='white', colorSpace='named', contrast=1.0, depth=0.0, flipHoriz=False, flipVert=False, font='Arial', fontFiles=[], height=0.1, italic=False, name='text_2', opacity=1.0, ori=0, pos=array([ 0.,  0.]), rgb=array([ 255.,  255.,  255.]), text=unicode(...), units=u'norm', win=Window(...), wrapWidth=1)
18.6803 	EXP 	Created text = TextStim(alignHoriz='center', alignVert='center', antialias=True, autoLog=True, bold=False, color='white', colorSpace='named', contrast=1.0, depth=-1.0, flipHoriz=False, flipVert=False, font='Arial', fontFiles=[], height=0.1, italic=False, name='text', opacity=1.0, ori=0, pos=array([ 0.,  0.]), rgb=array([ 255.,  255.,  255.]), text=u'default text', units=u'norm', win=Window(...), wrapWidth=1.5)
18.6854 	EXP 	Created text_3 = TextStim(alignHoriz='center', alignVert='center', antialias=True, autoLog=True, bold=False, color='white', colorSpace='named', contrast=1.0, depth=0.0, flipHoriz=False, flipVert=False, font='Arial', fontFiles=[], height=0.1, italic=False, name='text_3', opacity=1.0, ori=0, pos=array([ 0.,  0.]), rgb=array([ 255.,  255.,  255.]), text=u'\xa1Gracias!', units=u'norm', win=Window(...), wrapWidth=1)
18.7070 	EXP 	text_2: autoDraw = True
65.8491 	DATA 	Keypress: space
65.8546 	EXP 	Imported list.xlsx as conditions, 27 conditions, 1 params
65.8551 	EXP 	Created sequence: sequential, trialTypes=27, nReps=1, seed=None
65.8554 	EXP 	New trial (rep=0, index=0): {u'stim': u'pata'}
65.8578 	EXP 	window1: recordFrameIntervals = False
65.8820 	EXP 	text_2: autoDraw = False
65.8820 	EXP 	text: text = u'pata'
65.8820 	EXP 	text: autoDraw = True
65.8821 	EXP 	window1: recordFrameIntervals = False
67.9119 	DATA 	Keypress: space
67.9124 	EXP 	New trial (rep=0, index=1): {u'stim': u'bata'}
67.9148 	EXP 	window1: recordFrameIntervals = False
67.9285 	EXP 	text: autoDraw = False
67.9285 	EXP 	text: text = u'bata'
67.9285 	EXP 	text: autoDraw = True
67.9286 	EXP 	window1: recordFrameIntervals = False
69.9287 	DATA 	Keypress: space
69.9292 	EXP 	New trial (rep=0, index=2): {u'stim': u'taco'}
69.9316 	EXP 	window1: recordFrameIntervals = False
69.9452 	EXP 	text: autoDraw = False
69.9452 	EXP 	text: text = u'taco'
69.9452 	EXP 	text: autoDraw = True
69.9454 	EXP 	window1: recordFrameIntervals = False
72.0792 	DATA 	Keypress: space
72.0796 	EXP 	New trial (rep=0, index=3): {u'stim': u'dedo'}
72.0820 	EXP 	window1: recordFrameIntervals = False
72.0957 	EXP 	text: autoDraw = False
72.0957 	EXP 	text: text = u'dedo'
72.0957 	EXP 	text: autoDraw = True
72.0957 	EXP 	window1: recordFrameIntervals = False
74.3626 	DATA 	Keypress: space
74.3630 	EXP 	New trial (rep=0, index=4): {u'stim': u'casa'}
74.3654 	EXP 	window1: recordFrameIntervals = False
74.3791 	EXP 	text: autoDraw = False
74.3791 	EXP 	text: text = u'casa'
74.3791 	EXP 	text: autoDraw = True
74.3792 	EXP 	window1: recordFrameIntervals = False
76.6165 	DATA 	Keypress: space
76.6169 	EXP 	New trial (rep=0, index=5): {u'stim': u'gato'}
76.6193 	EXP 	window1: recordFrameIntervals = False
76.6329 	EXP 	text: autoDraw = False
76.6329 	EXP 	text: text = u'gato'
76.6329 	EXP 	text: autoDraw = True
76.6330 	EXP 	window1: recordFrameIntervals = False
78.7630 	DATA 	Keypress: space
78.7634 	EXP 	New trial (rep=0, index=6): {u'stim': u'daba'}
78.7660 	EXP 	window1: recordFrameIntervals = False
78.7795 	EXP 	text: autoDraw = False
78.7795 	EXP 	text: text = u'daba'
78.7795 	EXP 	text: autoDraw = True
78.7796 	EXP 	window1: recordFrameIntervals = False
81.3966 	DATA 	Keypress: space
81.3970 	EXP 	New trial (rep=0, index=7): {u'stim': u'hada'}
81.4006 	EXP 	window1: recordFrameIntervals = False
81.4131 	EXP 	text: autoDraw = False
81.4131 	EXP 	text: text = u'hada'
81.4131 	EXP 	text: autoDraw = True
81.4132 	EXP 	window1: recordFrameIntervals = False
83.5136 	DATA 	Keypress: space
83.5140 	EXP 	New trial (rep=0, index=8): {u'stim': u'haga'}
83.5164 	EXP 	window1: recordFrameIntervals = False
83.5299 	EXP 	text: autoDraw = False
83.5299 	EXP 	text: text = u'haga'
83.5299 	EXP 	text: autoDraw = True
83.5301 	EXP 	window1: recordFrameIntervals = False
85.5155 	DATA 	Keypress: space
85.5159 	EXP 	New trial (rep=0, index=9): {u'stim': u'en Mallorca'}
85.5209 	EXP 	window1: recordFrameIntervals = False
85.5337 	EXP 	text: autoDraw = False
85.5337 	EXP 	text: text = u'en Mallorca'
85.5337 	EXP 	text: autoDraw = True
85.5340 	EXP 	window1: recordFrameIntervals = False
88.6511 	DATA 	Keypress: space
88.6515 	EXP 	New trial (rep=0, index=10): {u'stim': u'en Finlandia'}
88.6566 	EXP 	window1: recordFrameIntervals = False
88.6672 	EXP 	text: autoDraw = False
88.6672 	EXP 	text: text = u'en Finlandia'
88.6672 	EXP 	text: autoDraw = True
88.6673 	EXP 	window1: recordFrameIntervals = False
91.2812 	DATA 	Keypress: space
91.2816 	EXP 	New trial (rep=0, index=11): {u'stim': u'encima'}
91.2847 	EXP 	window1: recordFrameIntervals = False
91.2974 	EXP 	text: autoDraw = False
91.2974 	EXP 	text: text = u'encima'
91.2974 	EXP 	text: autoDraw = True
91.2975 	EXP 	window1: recordFrameIntervals = False
94.3978 	DATA 	Keypress: space
94.3982 	EXP 	New trial (rep=0, index=12): {u'stim': u'enano'}
94.4010 	EXP 	window1: recordFrameIntervals = False
94.4143 	EXP 	text: autoDraw = False
94.4143 	EXP 	text: text = u'enano'
94.4143 	EXP 	text: autoDraw = True
94.4145 	EXP 	window1: recordFrameIntervals = False
96.9651 	DATA 	Keypress: space
96.9655 	EXP 	New trial (rep=0, index=13): {u'stim': u'hincha'}
96.9683 	EXP 	window1: recordFrameIntervals = False
96.9814 	EXP 	text: autoDraw = False
96.9814 	EXP 	text: text = u'hincha'
96.9814 	EXP 	text: autoDraw = True
96.9815 	EXP 	window1: recordFrameIntervals = False
99.0650 	DATA 	Keypress: space
99.0654 	EXP 	New trial (rep=0, index=14): {u'stim': u'a\xf1o'}
99.0690 	EXP 	window1: recordFrameIntervals = False
99.0814 	EXP 	text: autoDraw = False
99.0814 	EXP 	text: text = u'a\xf1o'
99.0814 	EXP 	text: autoDraw = True
99.0815 	EXP 	window1: recordFrameIntervals = False
101.2485 	DATA 	Keypress: space
101.2490 	EXP 	New trial (rep=0, index=15): {u'stim': u'tango'}
101.2517 	EXP 	window1: recordFrameIntervals = False
101.2651 	EXP 	text: autoDraw = False
101.2651 	EXP 	text: text = u'tango'
101.2651 	EXP 	text: autoDraw = True
101.2652 	EXP 	window1: recordFrameIntervals = False
103.2154 	DATA 	Keypress: space
103.2158 	EXP 	New trial (rep=0, index=16): {u'stim': u'pala'}
103.2181 	EXP 	window1: recordFrameIntervals = False
103.2319 	EXP 	text: autoDraw = False
103.2319 	EXP 	text: text = u'pala'
103.2319 	EXP 	text: autoDraw = True
103.2321 	EXP 	window1: recordFrameIntervals = False
105.3192 	DATA 	Keypress: space
105.3196 	EXP 	New trial (rep=0, index=17): {u'stim': u'alto'}
105.3221 	EXP 	window1: recordFrameIntervals = False
105.3358 	EXP 	text: autoDraw = False
105.3358 	EXP 	text: text = u'alto'
105.3358 	EXP 	text: autoDraw = True
105.3360 	EXP 	window1: recordFrameIntervals = False
107.3361 	DATA 	Keypress: space
107.3366 	EXP 	New trial (rep=0, index=18): {u'stim': u'algo'}
107.3389 	EXP 	window1: recordFrameIntervals = False
107.3527 	EXP 	text: autoDraw = False
107.3527 	EXP 	text: text = u'algo'
107.3527 	EXP 	text: autoDraw = True
107.3528 	EXP 	window1: recordFrameIntervals = False
109.5661 	DATA 	Keypress: space
109.5665 	EXP 	New trial (rep=0, index=19): {u'stim': u'para'}
109.5690 	EXP 	window1: recordFrameIntervals = False
109.5823 	EXP 	text: autoDraw = False
109.5823 	EXP 	text: text = u'para'
109.5823 	EXP 	text: autoDraw = True
109.5824 	EXP 	window1: recordFrameIntervals = False
111.6996 	DATA 	Keypress: space
111.7000 	EXP 	New trial (rep=0, index=20): {u'stim': u'corre'}
111.7027 	EXP 	window1: recordFrameIntervals = False
111.7162 	EXP 	text: autoDraw = False
111.7162 	EXP 	text: text = u'corre'
111.7162 	EXP 	text: autoDraw = True
111.7164 	EXP 	window1: recordFrameIntervals = False
114.1997 	DATA 	Keypress: space
114.2002 	EXP 	New trial (rep=0, index=21): {u'stim': u'Enrique'}
114.2049 	EXP 	window1: recordFrameIntervals = False
114.2164 	EXP 	text: autoDraw = False
114.2164 	EXP 	text: text = u'Enrique'
114.2164 	EXP 	text: autoDraw = True
114.2165 	EXP 	window1: recordFrameIntervals = False
116.6833 	DATA 	Keypress: space
116.6838 	EXP 	New trial (rep=0, index=22): {u'stim': u'Rosa'}
116.6877 	EXP 	window1: recordFrameIntervals = False
116.6998 	EXP 	text: autoDraw = False
116.6998 	EXP 	text: text = u'Rosa'
116.6998 	EXP 	text: autoDraw = True
116.6999 	EXP 	window1: recordFrameIntervals = False
119.4670 	DATA 	Keypress: space
119.4674 	EXP 	New trial (rep=0, index=23): {u'stim': u'Israel'}
119.4713 	EXP 	window1: recordFrameIntervals = False
119.4835 	EXP 	text: autoDraw = False
119.4835 	EXP 	text: text = u'Israel'
119.4835 	EXP 	text: autoDraw = True
119.4837 	EXP 	window1: recordFrameIntervals = False
121.4838 	DATA 	Keypress: space
121.4842 	EXP 	New trial (rep=0, index=24): {u'stim': u'\xbfCu\xe1ndo vienes?'}
121.4923 	EXP 	window1: recordFrameIntervals = False
121.5004 	EXP 	text: autoDraw = False
121.5004 	EXP 	text: text = u'\xbfCu\xe1ndo vienes?'
121.5004 	EXP 	text: autoDraw = True
121.5006 	EXP 	window1: recordFrameIntervals = False
124.2175 	DATA 	Keypress: space
124.2179 	EXP 	New trial (rep=0, index=25): {u'stim': u'\xbfVienes a las 6?'}
124.2238 	EXP 	window1: recordFrameIntervals = False
124.2340 	EXP 	text: autoDraw = False
124.2340 	EXP 	text: text = u'\xbfVienes a las 6?'
124.2340 	EXP 	text: autoDraw = True
124.2341 	EXP 	window1: recordFrameIntervals = False
126.6679 	DATA 	Keypress: space
126.6683 	EXP 	New trial (rep=0, index=26): {u'stim': u'El viento norte y el sol porfiaban sobre cu\xe1l de ellos era el m\xe1s fuerte, cuando acert\xf3 a pasar un viajero envuelto en ancha capa. Convinieron en que quien antes lograra obligar al viajero a quitarse la capa ser\xeda considerado m\xe1s poderoso. El viento norte sopl\xf3 con gran furia, pero cuanto m\xe1s soplaba, m\xe1s se arrebujaba en su capa el viajero; por fin el viento norte abandon\xf3 la empresa. Entonces brill\xf3 el sol con ardor, e inmediatamente se despoj\xf3 de su capa el viajero; por lo que el viento norte hubo de reconocer la superioridad del sol.'}
126.7368 	EXP 	window1: recordFrameIntervals = False
126.7509 	EXP 	text: autoDraw = False
126.7509 	EXP 	text: text = u'El viento norte y el sol porfiaban sobre cu\xe1l de ellos era el m\xe1s fuerte, cuando acert\xf3 a pasar un viajero envuelto en ancha capa. Convinieron en que quien antes lograra obligar al viajero a quitarse la capa ser\xeda considerado m\xe1s poderoso. El viento norte sopl\xf3 con gran furia, pero cuanto m\xe1s soplaba, m\xe1s se arrebujaba en su capa el viajero; por fin el viento norte abandon\xf3 la empresa. Entonces brill\xf3 el sol con ardor, e inmediatamente se despoj\xf3 de su capa el viajero; por lo que el viento norte hubo de reconocer la superioridad del sol.'
126.7509 	EXP 	text: autoDraw = True
126.7510 	EXP 	window1: recordFrameIntervals = False
185.6899 	DATA 	Keypress: space
185.7059 	EXP 	text: autoDraw = False
185.7059 	EXP 	text_3: autoDraw = True
195.5246 	DATA 	Keypress: space
