0.3304 	WARNING 	Movie2 stim could not be imported and won't be available
7.4211 	EXP 	Created window1 = Window(allowGUI=False, allowStencil=False, autoLog=True, bitsMode=UNKNOWN, blendMode='avg', color=array([ 0.,  0.,  0.]), colorSpace='rgb', fullscr=UNKNOWN, gamma=None, lms=UNKNOWN, monitor=<psychopy.monitors.calibTools.Monitor instance at 0xf0a8f30>, name='window1', pos=[0, 0], screen=0, size=array([1440,  900]), stereo=False, units=u'norm', useFBO=True, viewOri=0.0, viewPos=None, viewScale=None, waitBlanking=True, winType='pyglet')
7.4211 	EXP 	window1: recordFrameIntervals = False
7.5862 	EXP 	window1: recordFrameIntervals = True
7.7699 	EXP 	window1: recordFrameIntervals = False
7.8749 	EXP 	Created text_2 = TextStim(alignHoriz='center', alignVert='center', antialias=True, autoLog=True, bold=False, color='white', colorSpace='named', contrast=1.0, depth=0.0, flipHoriz=False, flipVert=False, font='Arial', fontFiles=[], height=0.1, italic=False, name='text_2', opacity=1.0, ori=0, pos=array([ 0.,  0.]), rgb=array([ 255.,  255.,  255.]), text=unicode(...), units=u'norm', win=Window(...), wrapWidth=1)
7.8805 	EXP 	Created text = TextStim(alignHoriz='center', alignVert='center', antialias=True, autoLog=True, bold=False, color='white', colorSpace='named', contrast=1.0, depth=-1.0, flipHoriz=False, flipVert=False, font='Arial', fontFiles=[], height=0.1, italic=False, name='text', opacity=1.0, ori=0, pos=array([ 0.,  0.]), rgb=array([ 255.,  255.,  255.]), text=u'default text', units=u'norm', win=Window(...), wrapWidth=1.5)
7.8855 	EXP 	Created text_3 = TextStim(alignHoriz='center', alignVert='center', antialias=True, autoLog=True, bold=False, color='white', colorSpace='named', contrast=1.0, depth=0.0, flipHoriz=False, flipVert=False, font='Arial', fontFiles=[], height=0.1, italic=False, name='text_3', opacity=1.0, ori=0, pos=array([ 0.,  0.]), rgb=array([ 255.,  255.,  255.]), text=u'\xa1Gracias!', units=u'norm', win=Window(...), wrapWidth=1)
7.9026 	EXP 	text_2: autoDraw = True
17.7878 	DATA 	Keypress: space
17.7954 	EXP 	Imported list.xlsx as conditions, 27 conditions, 1 params
17.7959 	EXP 	Created sequence: sequential, trialTypes=27, nReps=1, seed=None
17.7963 	EXP 	New trial (rep=0, index=0): {u'stim': u'pata'}
17.7990 	EXP 	window1: recordFrameIntervals = False
17.8210 	EXP 	text_2: autoDraw = False
17.8210 	EXP 	text: text = u'pata'
17.8210 	EXP 	text: autoDraw = True
17.8215 	EXP 	window1: recordFrameIntervals = False
20.5545 	DATA 	Keypress: space
20.5553 	EXP 	New trial (rep=0, index=1): {u'stim': u'bata'}
20.5590 	EXP 	window1: recordFrameIntervals = False
20.5705 	EXP 	text: autoDraw = False
20.5705 	EXP 	text: text = u'bata'
20.5705 	EXP 	text: autoDraw = True
20.5708 	EXP 	window1: recordFrameIntervals = False
22.4556 	DATA 	Keypress: space
22.4564 	EXP 	New trial (rep=0, index=2): {u'stim': u'taco'}
22.4604 	EXP 	window1: recordFrameIntervals = False
22.4706 	EXP 	text: autoDraw = False
22.4706 	EXP 	text: text = u'taco'
22.4706 	EXP 	text: autoDraw = True
22.4710 	EXP 	window1: recordFrameIntervals = False
24.4889 	DATA 	Keypress: space
24.4896 	EXP 	New trial (rep=0, index=3): {u'stim': u'dedo'}
24.4934 	EXP 	window1: recordFrameIntervals = False
24.5050 	EXP 	text: autoDraw = False
24.5050 	EXP 	text: text = u'dedo'
24.5050 	EXP 	text: autoDraw = True
24.5054 	EXP 	window1: recordFrameIntervals = False
26.2890 	DATA 	Keypress: space
26.2898 	EXP 	New trial (rep=0, index=4): {u'stim': u'casa'}
26.2935 	EXP 	window1: recordFrameIntervals = False
26.3051 	EXP 	text: autoDraw = False
26.3051 	EXP 	text: text = u'casa'
26.3051 	EXP 	text: autoDraw = True
26.3054 	EXP 	window1: recordFrameIntervals = False
28.2061 	DATA 	Keypress: space
28.2069 	EXP 	New trial (rep=0, index=5): {u'stim': u'gato'}
28.2108 	EXP 	window1: recordFrameIntervals = False
28.2225 	EXP 	text: autoDraw = False
28.2225 	EXP 	text: text = u'gato'
28.2225 	EXP 	text: autoDraw = True
28.2229 	EXP 	window1: recordFrameIntervals = False
29.8057 	DATA 	Keypress: space
29.8066 	EXP 	New trial (rep=0, index=6): {u'stim': u'daba'}
29.8106 	EXP 	window1: recordFrameIntervals = False
29.8222 	EXP 	text: autoDraw = False
29.8222 	EXP 	text: text = u'daba'
29.8222 	EXP 	text: autoDraw = True
29.8225 	EXP 	window1: recordFrameIntervals = False
32.2900 	DATA 	Keypress: space
32.2908 	EXP 	New trial (rep=0, index=7): {u'stim': u'hada'}
32.2956 	EXP 	window1: recordFrameIntervals = False
32.3060 	EXP 	text: autoDraw = False
32.3060 	EXP 	text: text = u'hada'
32.3060 	EXP 	text: autoDraw = True
32.3063 	EXP 	window1: recordFrameIntervals = False
34.3406 	DATA 	Keypress: space
34.3414 	EXP 	New trial (rep=0, index=8): {u'stim': u'haga'}
34.3450 	EXP 	window1: recordFrameIntervals = False
34.3569 	EXP 	text: autoDraw = False
34.3569 	EXP 	text: text = u'haga'
34.3569 	EXP 	text: autoDraw = True
34.3572 	EXP 	window1: recordFrameIntervals = False
36.4065 	DATA 	Keypress: space
36.4073 	EXP 	New trial (rep=0, index=9): {u'stim': u'en Mallorca'}
36.4139 	EXP 	window1: recordFrameIntervals = False
36.4230 	EXP 	text: autoDraw = False
36.4230 	EXP 	text: text = u'en Mallorca'
36.4230 	EXP 	text: autoDraw = True
36.4233 	EXP 	window1: recordFrameIntervals = False
39.2911 	DATA 	Keypress: space
39.2919 	EXP 	New trial (rep=0, index=10): {u'stim': u'en Finlandia'}
39.2986 	EXP 	window1: recordFrameIntervals = False
39.3062 	EXP 	text: autoDraw = False
39.3062 	EXP 	text: text = u'en Finlandia'
39.3062 	EXP 	text: autoDraw = True
39.3064 	EXP 	window1: recordFrameIntervals = False
42.2916 	DATA 	Keypress: space
42.2924 	EXP 	New trial (rep=0, index=11): {u'stim': u'encima'}
42.2974 	EXP 	window1: recordFrameIntervals = False
42.3077 	EXP 	text: autoDraw = False
42.3077 	EXP 	text: text = u'encima'
42.3077 	EXP 	text: autoDraw = True
42.3081 	EXP 	window1: recordFrameIntervals = False
44.3253 	DATA 	Keypress: space
44.3262 	EXP 	New trial (rep=0, index=12): {u'stim': u'enano'}
44.3308 	EXP 	window1: recordFrameIntervals = False
44.3413 	EXP 	text: autoDraw = False
44.3413 	EXP 	text: text = u'enano'
44.3413 	EXP 	text: autoDraw = True
44.3418 	EXP 	window1: recordFrameIntervals = False
46.6415 	DATA 	Keypress: space
46.6423 	EXP 	New trial (rep=0, index=13): {u'stim': u'hincha'}
46.6464 	EXP 	window1: recordFrameIntervals = False
46.6580 	EXP 	text: autoDraw = False
46.6580 	EXP 	text: text = u'hincha'
46.6580 	EXP 	text: autoDraw = True
46.6583 	EXP 	window1: recordFrameIntervals = False
48.4918 	DATA 	Keypress: space
48.4926 	EXP 	New trial (rep=0, index=14): {u'stim': u'a\xf1o'}
48.4978 	EXP 	window1: recordFrameIntervals = False
48.5084 	EXP 	text: autoDraw = False
48.5084 	EXP 	text: text = u'a\xf1o'
48.5084 	EXP 	text: autoDraw = True
48.5087 	EXP 	window1: recordFrameIntervals = False
50.5425 	DATA 	Keypress: space
50.5433 	EXP 	New trial (rep=0, index=15): {u'stim': u'tango'}
50.5473 	EXP 	window1: recordFrameIntervals = False
50.5590 	EXP 	text: autoDraw = False
50.5590 	EXP 	text: text = u'tango'
50.5590 	EXP 	text: autoDraw = True
50.5593 	EXP 	window1: recordFrameIntervals = False
52.2265 	DATA 	Keypress: space
52.2274 	EXP 	New trial (rep=0, index=16): {u'stim': u'pala'}
52.2315 	EXP 	window1: recordFrameIntervals = False
52.2419 	EXP 	text: autoDraw = False
52.2419 	EXP 	text: text = u'pala'
52.2419 	EXP 	text: autoDraw = True
52.2421 	EXP 	window1: recordFrameIntervals = False
54.0427 	DATA 	Keypress: space
54.0435 	EXP 	New trial (rep=0, index=17): {u'stim': u'alto'}
54.0475 	EXP 	window1: recordFrameIntervals = False
54.0592 	EXP 	text: autoDraw = False
54.0592 	EXP 	text: text = u'alto'
54.0592 	EXP 	text: autoDraw = True
54.0595 	EXP 	window1: recordFrameIntervals = False
56.0927 	DATA 	Keypress: space
56.0936 	EXP 	New trial (rep=0, index=18): {u'stim': u'algo'}
56.0973 	EXP 	window1: recordFrameIntervals = False
56.1089 	EXP 	text: autoDraw = False
56.1089 	EXP 	text: text = u'algo'
56.1089 	EXP 	text: autoDraw = True
56.1092 	EXP 	window1: recordFrameIntervals = False
57.8937 	DATA 	Keypress: space
57.8945 	EXP 	New trial (rep=0, index=19): {u'stim': u'para'}
57.8982 	EXP 	window1: recordFrameIntervals = False
57.9099 	EXP 	text: autoDraw = False
57.9099 	EXP 	text: text = u'para'
57.9099 	EXP 	text: autoDraw = True
57.9102 	EXP 	window1: recordFrameIntervals = False
59.7601 	DATA 	Keypress: space
59.7609 	EXP 	New trial (rep=0, index=20): {u'stim': u'corre'}
59.7649 	EXP 	window1: recordFrameIntervals = False
59.7765 	EXP 	text: autoDraw = False
59.7765 	EXP 	text: text = u'corre'
59.7765 	EXP 	text: autoDraw = True
59.7770 	EXP 	window1: recordFrameIntervals = False
61.8107 	DATA 	Keypress: space
61.8115 	EXP 	New trial (rep=0, index=21): {u'stim': u'Enrique'}
61.8178 	EXP 	window1: recordFrameIntervals = False
61.8268 	EXP 	text: autoDraw = False
61.8268 	EXP 	text: text = u'Enrique'
61.8268 	EXP 	text: autoDraw = True
61.8271 	EXP 	window1: recordFrameIntervals = False
63.8435 	DATA 	Keypress: space
63.8443 	EXP 	New trial (rep=0, index=22): {u'stim': u'Rosa'}
63.8493 	EXP 	window1: recordFrameIntervals = False
63.8605 	EXP 	text: autoDraw = False
63.8605 	EXP 	text: text = u'Rosa'
63.8605 	EXP 	text: autoDraw = True
63.8609 	EXP 	window1: recordFrameIntervals = False
66.1441 	DATA 	Keypress: space
66.1450 	EXP 	New trial (rep=0, index=23): {u'stim': u'Israel'}
66.1502 	EXP 	window1: recordFrameIntervals = False
66.1604 	EXP 	text: autoDraw = False
66.1604 	EXP 	text: text = u'Israel'
66.1604 	EXP 	text: autoDraw = True
66.1607 	EXP 	window1: recordFrameIntervals = False
68.3110 	DATA 	Keypress: space
68.3118 	EXP 	New trial (rep=0, index=24): {u'stim': u'\xbfCu\xe1ndo vienes?'}
68.3208 	EXP 	window1: recordFrameIntervals = False
68.3273 	EXP 	text: autoDraw = False
68.3273 	EXP 	text: text = u'\xbfCu\xe1ndo vienes?'
68.3273 	EXP 	text: autoDraw = True
68.3276 	EXP 	window1: recordFrameIntervals = False
71.1612 	DATA 	Keypress: space
71.1621 	EXP 	New trial (rep=0, index=25): {u'stim': u'\xbfVienes a las 6?'}
71.1700 	EXP 	window1: recordFrameIntervals = False
71.1777 	EXP 	text: autoDraw = False
71.1777 	EXP 	text: text = u'\xbfVienes a las 6?'
71.1777 	EXP 	text: autoDraw = True
71.1779 	EXP 	window1: recordFrameIntervals = False
74.6458 	DATA 	Keypress: space
74.6467 	EXP 	New trial (rep=0, index=26): {u'stim': u'El viento norte y el sol porfiaban sobre cu\xe1l de ellos era el m\xe1s fuerte, cuando acert\xf3 a pasar un viajero envuelto en ancha capa. Convinieron en que quien antes lograra obligar al viajero a quitarse la capa ser\xeda considerado m\xe1s poderoso. El viento norte sopl\xf3 con gran furia, pero cuanto m\xe1s soplaba, m\xe1s se arrebujaba en su capa el viajero; por fin el viento norte abandon\xf3 la empresa. Entonces brill\xf3 el sol con ardor, e inmediatamente se despoj\xf3 de su capa el viajero; por lo que el viento norte hubo de reconocer la superioridad del sol.'}
74.7163 	EXP 	window1: recordFrameIntervals = False
74.7293 	EXP 	text: autoDraw = False
74.7293 	EXP 	text: text = u'El viento norte y el sol porfiaban sobre cu\xe1l de ellos era el m\xe1s fuerte, cuando acert\xf3 a pasar un viajero envuelto en ancha capa. Convinieron en que quien antes lograra obligar al viajero a quitarse la capa ser\xeda considerado m\xe1s poderoso. El viento norte sopl\xf3 con gran furia, pero cuanto m\xe1s soplaba, m\xe1s se arrebujaba en su capa el viajero; por fin el viento norte abandon\xf3 la empresa. Entonces brill\xf3 el sol con ardor, e inmediatamente se despoj\xf3 de su capa el viajero; por lo que el viento norte hubo de reconocer la superioridad del sol.'
74.7293 	EXP 	text: autoDraw = True
74.7295 	EXP 	window1: recordFrameIntervals = False
148.4402 	DATA 	Keypress: space
148.4562 	EXP 	text: autoDraw = False
148.4562 	EXP 	text_3: autoDraw = True
151.0566 	DATA 	Keypress: space
