0.3473 	WARNING 	Movie2 stim could not be imported and won't be available
12.6257 	EXP 	Created window1 = Window(allowGUI=False, allowStencil=False, autoLog=True, bitsMode=UNKNOWN, blendMode='avg', color=array([ 0.,  0.,  0.]), colorSpace='rgb', fullscr=UNKNOWN, gamma=None, lms=UNKNOWN, monitor=<psychopy.monitors.calibTools.Monitor instance at 0xf6e8f30>, name='window1', pos=[0, 0], screen=0, size=array([1680, 1050]), stereo=False, units=u'norm', useFBO=True, viewOri=0.0, viewPos=None, viewScale=None, waitBlanking=True, winType='pyglet')
12.6257 	EXP 	window1: recordFrameIntervals = False
12.7916 	EXP 	window1: recordFrameIntervals = True
12.9751 	EXP 	window1: recordFrameIntervals = False
13.0723 	EXP 	Created text_2 = TextStim(alignHoriz='center', alignVert='center', antialias=True, autoLog=True, bold=False, color='white', colorSpace='named', contrast=1.0, depth=0.0, flipHoriz=False, flipVert=False, font='Arial', fontFiles=[], height=0.1, italic=False, name='text_2', opacity=1.0, ori=0, pos=array([ 0.,  0.]), rgb=array([ 255.,  255.,  255.]), text=unicode(...), units=u'norm', win=Window(...), wrapWidth=1)
13.0783 	EXP 	Created text = TextStim(alignHoriz='center', alignVert='center', antialias=True, autoLog=True, bold=False, color='white', colorSpace='named', contrast=1.0, depth=-1.0, flipHoriz=False, flipVert=False, font='Arial', fontFiles=[], height=0.1, italic=False, name='text', opacity=1.0, ori=0, pos=array([ 0.,  0.]), rgb=array([ 255.,  255.,  255.]), text=u'default text', units=u'norm', win=Window(...), wrapWidth=1.5)
13.0834 	EXP 	Created text_3 = TextStim(alignHoriz='center', alignVert='center', antialias=True, autoLog=True, bold=False, color='white', colorSpace='named', contrast=1.0, depth=0.0, flipHoriz=False, flipVert=False, font='Arial', fontFiles=[], height=0.1, italic=False, name='text_3', opacity=1.0, ori=0, pos=array([ 0.,  0.]), rgb=array([ 255.,  255.,  255.]), text=u'\xa1Gracias!', units=u'norm', win=Window(...), wrapWidth=1)
13.0915 	EXP 	text_2: autoDraw = True
68.5140 	DATA 	Keypress: space
68.5196 	EXP 	Imported list.xlsx as conditions, 27 conditions, 1 params
68.5200 	EXP 	Created sequence: sequential, trialTypes=27, nReps=1, seed=None
68.5204 	EXP 	New trial (rep=0, index=0): {u'stim': u'pata'}
68.5228 	EXP 	window1: recordFrameIntervals = False
68.5305 	EXP 	text_2: autoDraw = False
68.5305 	EXP 	text: text = u'pata'
68.5305 	EXP 	text: autoDraw = True
68.5306 	EXP 	window1: recordFrameIntervals = False
70.7475 	DATA 	Keypress: space
70.7480 	EXP 	New trial (rep=0, index=1): {u'stim': u'bata'}
70.7503 	EXP 	window1: recordFrameIntervals = False
70.7640 	EXP 	text: autoDraw = False
70.7640 	EXP 	text: text = u'bata'
70.7640 	EXP 	text: autoDraw = True
70.7641 	EXP 	window1: recordFrameIntervals = False
73.2144 	DATA 	Keypress: space
73.2148 	EXP 	New trial (rep=0, index=2): {u'stim': u'taco'}
73.2171 	EXP 	window1: recordFrameIntervals = False
73.2308 	EXP 	text: autoDraw = False
73.2308 	EXP 	text: text = u'taco'
73.2308 	EXP 	text: autoDraw = True
73.2310 	EXP 	window1: recordFrameIntervals = False
75.7481 	DATA 	Keypress: space
75.7486 	EXP 	New trial (rep=0, index=3): {u'stim': u'dedo'}
75.7518 	EXP 	window1: recordFrameIntervals = False
75.7644 	EXP 	text: autoDraw = False
75.7644 	EXP 	text: text = u'dedo'
75.7644 	EXP 	text: autoDraw = True
75.7645 	EXP 	window1: recordFrameIntervals = False
78.3984 	DATA 	Keypress: space
78.3990 	EXP 	New trial (rep=0, index=4): {u'stim': u'casa'}
78.4019 	EXP 	window1: recordFrameIntervals = False
78.4147 	EXP 	text: autoDraw = False
78.4147 	EXP 	text: text = u'casa'
78.4147 	EXP 	text: autoDraw = True
78.4148 	EXP 	window1: recordFrameIntervals = False
80.5486 	DATA 	Keypress: space
80.5490 	EXP 	New trial (rep=0, index=5): {u'stim': u'gato'}
80.5513 	EXP 	window1: recordFrameIntervals = False
80.5649 	EXP 	text: autoDraw = False
80.5649 	EXP 	text: text = u'gato'
80.5649 	EXP 	text: autoDraw = True
80.5652 	EXP 	window1: recordFrameIntervals = False
83.0157 	DATA 	Keypress: space
83.0321 	EXP 	New trial (rep=0, index=6): {u'stim': u'daba'}
83.0348 	EXP 	window1: recordFrameIntervals = False
83.0484 	EXP 	text: autoDraw = False
83.0484 	EXP 	text: text = u'daba'
83.0484 	EXP 	text: autoDraw = True
83.0485 	EXP 	window1: recordFrameIntervals = False
85.6659 	DATA 	Keypress: space
85.6664 	EXP 	New trial (rep=0, index=7): {u'stim': u'hada'}
85.6700 	EXP 	window1: recordFrameIntervals = False
85.6820 	EXP 	text: autoDraw = False
85.6820 	EXP 	text: text = u'hada'
85.6820 	EXP 	text: autoDraw = True
85.6821 	EXP 	window1: recordFrameIntervals = False
87.7325 	DATA 	Keypress: space
87.7329 	EXP 	New trial (rep=0, index=8): {u'stim': u'haga'}
87.7353 	EXP 	window1: recordFrameIntervals = False
87.7489 	EXP 	text: autoDraw = False
87.7489 	EXP 	text: text = u'haga'
87.7489 	EXP 	text: autoDraw = True
87.7490 	EXP 	window1: recordFrameIntervals = False
89.9661 	DATA 	Keypress: space
89.9666 	EXP 	New trial (rep=0, index=9): {u'stim': u'en Mallorca'}
89.9717 	EXP 	window1: recordFrameIntervals = False
89.9824 	EXP 	text: autoDraw = False
89.9824 	EXP 	text: text = u'en Mallorca'
89.9824 	EXP 	text: autoDraw = True
89.9825 	EXP 	window1: recordFrameIntervals = False
92.6829 	DATA 	Keypress: space
92.6833 	EXP 	New trial (rep=0, index=10): {u'stim': u'en Finlandia'}
92.6883 	EXP 	window1: recordFrameIntervals = False
92.6995 	EXP 	text: autoDraw = False
92.6995 	EXP 	text: text = u'en Finlandia'
92.6995 	EXP 	text: autoDraw = True
92.6997 	EXP 	window1: recordFrameIntervals = False
96.1500 	DATA 	Keypress: space
96.1504 	EXP 	New trial (rep=0, index=11): {u'stim': u'encima'}
96.1534 	EXP 	window1: recordFrameIntervals = False
96.1667 	EXP 	text: autoDraw = False
96.1667 	EXP 	text: text = u'encima'
96.1667 	EXP 	text: autoDraw = True
96.1668 	EXP 	window1: recordFrameIntervals = False
98.2670 	DATA 	Keypress: space
98.2674 	EXP 	New trial (rep=0, index=12): {u'stim': u'enano'}
98.2701 	EXP 	window1: recordFrameIntervals = False
98.2834 	EXP 	text: autoDraw = False
98.2834 	EXP 	text: text = u'enano'
98.2834 	EXP 	text: autoDraw = True
98.2836 	EXP 	window1: recordFrameIntervals = False
100.4042 	DATA 	Keypress: space
100.4046 	EXP 	New trial (rep=0, index=13): {u'stim': u'hincha'}
100.4073 	EXP 	window1: recordFrameIntervals = False
100.4206 	EXP 	text: autoDraw = False
100.4206 	EXP 	text: text = u'hincha'
100.4206 	EXP 	text: autoDraw = True
100.4208 	EXP 	window1: recordFrameIntervals = False
102.9342 	DATA 	Keypress: space
102.9347 	EXP 	New trial (rep=0, index=14): {u'stim': u'a\xf1o'}
102.9391 	EXP 	window1: recordFrameIntervals = False
102.9506 	EXP 	text: autoDraw = False
102.9506 	EXP 	text: text = u'a\xf1o'
102.9506 	EXP 	text: autoDraw = True
102.9507 	EXP 	window1: recordFrameIntervals = False
105.2176 	DATA 	Keypress: space
105.2180 	EXP 	New trial (rep=0, index=15): {u'stim': u'tango'}
105.2207 	EXP 	window1: recordFrameIntervals = False
105.2341 	EXP 	text: autoDraw = False
105.2341 	EXP 	text: text = u'tango'
105.2341 	EXP 	text: autoDraw = True
105.2342 	EXP 	window1: recordFrameIntervals = False
107.5011 	DATA 	Keypress: space
107.5015 	EXP 	New trial (rep=0, index=16): {u'stim': u'pala'}
107.5038 	EXP 	window1: recordFrameIntervals = False
107.5176 	EXP 	text: autoDraw = False
107.5176 	EXP 	text: text = u'pala'
107.5176 	EXP 	text: autoDraw = True
107.5178 	EXP 	window1: recordFrameIntervals = False
109.6846 	DATA 	Keypress: space
109.6850 	EXP 	New trial (rep=0, index=17): {u'stim': u'alto'}
109.6894 	EXP 	window1: recordFrameIntervals = False
109.7011 	EXP 	text: autoDraw = False
109.7011 	EXP 	text: text = u'alto'
109.7011 	EXP 	text: autoDraw = True
109.7013 	EXP 	window1: recordFrameIntervals = False
111.5850 	DATA 	Keypress: space
111.5854 	EXP 	New trial (rep=0, index=18): {u'stim': u'algo'}
111.5879 	EXP 	window1: recordFrameIntervals = False
111.6014 	EXP 	text: autoDraw = False
111.6014 	EXP 	text: text = u'algo'
111.6014 	EXP 	text: autoDraw = True
111.6016 	EXP 	window1: recordFrameIntervals = False
113.5018 	DATA 	Keypress: space
113.5022 	EXP 	New trial (rep=0, index=19): {u'stim': u'para'}
113.5046 	EXP 	window1: recordFrameIntervals = False
113.5182 	EXP 	text: autoDraw = False
113.5182 	EXP 	text: text = u'para'
113.5182 	EXP 	text: autoDraw = True
113.5183 	EXP 	window1: recordFrameIntervals = False
115.9888 	DATA 	Keypress: space
115.9892 	EXP 	New trial (rep=0, index=20): {u'stim': u'corre'}
115.9918 	EXP 	window1: recordFrameIntervals = False
116.0054 	EXP 	text: autoDraw = False
116.0054 	EXP 	text: text = u'corre'
116.0054 	EXP 	text: autoDraw = True
116.0056 	EXP 	window1: recordFrameIntervals = False
118.3689 	DATA 	Keypress: space
118.3697 	EXP 	New trial (rep=0, index=21): {u'stim': u'Enrique'}
118.3765 	EXP 	window1: recordFrameIntervals = False
118.3856 	EXP 	text: autoDraw = False
118.3856 	EXP 	text: text = u'Enrique'
118.3856 	EXP 	text: autoDraw = True
118.3858 	EXP 	window1: recordFrameIntervals = False
120.9192 	DATA 	Keypress: space
120.9196 	EXP 	New trial (rep=0, index=22): {u'stim': u'Rosa'}
120.9234 	EXP 	window1: recordFrameIntervals = False
120.9357 	EXP 	text: autoDraw = False
120.9357 	EXP 	text: text = u'Rosa'
120.9357 	EXP 	text: autoDraw = True
120.9359 	EXP 	window1: recordFrameIntervals = False
123.1193 	DATA 	Keypress: space
123.1197 	EXP 	New trial (rep=0, index=23): {u'stim': u'Israel'}
123.1235 	EXP 	window1: recordFrameIntervals = False
123.1359 	EXP 	text: autoDraw = False
123.1359 	EXP 	text: text = u'Israel'
123.1359 	EXP 	text: autoDraw = True
123.1360 	EXP 	window1: recordFrameIntervals = False
125.6197 	DATA 	Keypress: space
125.6201 	EXP 	New trial (rep=0, index=24): {u'stim': u'\xbfCu\xe1ndo vienes?'}
125.6280 	EXP 	window1: recordFrameIntervals = False
125.6361 	EXP 	text: autoDraw = False
125.6361 	EXP 	text: text = u'\xbfCu\xe1ndo vienes?'
125.6361 	EXP 	text: autoDraw = True
125.6362 	EXP 	window1: recordFrameIntervals = False
129.1568 	DATA 	Keypress: space
129.1572 	EXP 	New trial (rep=0, index=25): {u'stim': u'\xbfVienes a las 6?'}
129.1632 	EXP 	window1: recordFrameIntervals = False
129.1709 	EXP 	text: autoDraw = False
129.1709 	EXP 	text: text = u'\xbfVienes a las 6?'
129.1709 	EXP 	text: autoDraw = True
129.1710 	EXP 	window1: recordFrameIntervals = False
132.8704 	DATA 	Keypress: space
132.8708 	EXP 	New trial (rep=0, index=26): {u'stim': u'El viento norte y el sol porfiaban sobre cu\xe1l de ellos era el m\xe1s fuerte, cuando acert\xf3 a pasar un viajero envuelto en ancha capa. Convinieron en que quien antes lograra obligar al viajero a quitarse la capa ser\xeda considerado m\xe1s poderoso. El viento norte sopl\xf3 con gran furia, pero cuanto m\xe1s soplaba, m\xe1s se arrebujaba en su capa el viajero; por fin el viento norte abandon\xf3 la empresa. Entonces brill\xf3 el sol con ardor, e inmediatamente se despoj\xf3 de su capa el viajero; por lo que el viento norte hubo de reconocer la superioridad del sol.'}
132.9392 	EXP 	window1: recordFrameIntervals = False
132.9534 	EXP 	text: autoDraw = False
132.9534 	EXP 	text: text = u'El viento norte y el sol porfiaban sobre cu\xe1l de ellos era el m\xe1s fuerte, cuando acert\xf3 a pasar un viajero envuelto en ancha capa. Convinieron en que quien antes lograra obligar al viajero a quitarse la capa ser\xeda considerado m\xe1s poderoso. El viento norte sopl\xf3 con gran furia, pero cuanto m\xe1s soplaba, m\xe1s se arrebujaba en su capa el viajero; por fin el viento norte abandon\xf3 la empresa. Entonces brill\xf3 el sol con ardor, e inmediatamente se despoj\xf3 de su capa el viajero; por lo que el viento norte hubo de reconocer la superioridad del sol.'
132.9534 	EXP 	text: autoDraw = True
132.9535 	EXP 	window1: recordFrameIntervals = False
193.7758 	DATA 	Keypress: space
193.7924 	EXP 	text: autoDraw = False
193.7924 	EXP 	text_3: autoDraw = True
194.8599 	DATA 	Keypress: space
